<?xml version="1.0" encoding="UTF-8"?>
<!-- Generated by org.testng.reporters.JUnitReportReporter -->
<testsuite hostname="PPT-WSD-A013" failures="0" tests="1" name="testnew.testnew.testnew" time="0.013" errors="0" timestamp="2024-10-21T17:42:56 IST" skipped="0">
  <testcase classname="testnew.testnew.testnew" name="additionTest" time="0.013"/>
</testsuite> <!-- testnew.testnew.testnew -->
